<?xml version="1.0" encoding="UTF-8"?>
<!-- Generated by org.testng.reporters.JUnitReportReporter -->
<testsuite hostname="LAPTOP-2J4OVC1L" failures="0" tests="2" name="testpackage.Test2" time="0.016" errors="0" timestamp="2021-11-25T16:16:37 IST" skipped="0">
  <testcase classname="testpackage.Test2" name="testA" time="0.011"/>
  <system-out/>
  <testcase classname="testpackage.Test2" name="testB" time="0.005"/>
  <system-out/>
</testsuite> <!-- testpackage.Test2 -->
