<?xml version="1.0" encoding="UTF-8"?>
<!-- Generated by org.testng.reporters.JUnitReportReporter -->
<testsuite hostname="LAPTOP-2J4OVC1L" failures="0" tests="2" name="testpackage.Test3" time="0.014" errors="0" timestamp="2021-11-25T16:16:37 IST" skipped="0">
  <testcase classname="testpackage.Test3" name="testC" time="0.010"/>
  <system-out/>
  <testcase classname="testpackage.Test3" name="testD" time="0.004"/>
  <system-out/>
</testsuite> <!-- testpackage.Test3 -->
